<?xml version="1.0" encoding="UTF-8"?>
<testng-results ignored="0" total="4" passed="4" failed="0" skipped="0">
  <reporter-output>
  </reporter-output>
  <suite started-at="2025-02-28T22:55:43 IST" name="Default suite" finished-at="2025-02-28T22:56:15 IST" duration-ms="31088">
    <groups>
      <group name="cucumber">
        <method signature="AbstractTestNGCucumberTests.runScenario(io.cucumber.testng.PickleWrapper,io.cucumber.testng.FeatureWrapper)[pri:0, instance:com.auomation.runners.TestRunner@4c309d4d]" name="runScenario" class="io.cucumber.testng.AbstractTestNGCucumberTests"/>
      </group> <!-- cucumber -->
    </groups>
    <test started-at="2025-02-28T22:55:43 IST" name="Default test" finished-at="2025-02-28T22:56:15 IST" duration-ms="31088">
      <class name="com.auomation.runners.TestRunner">
        <test-method is-config="true" signature="setUpClass(org.testng.ITestContext)[pri:0, instance:com.auomation.runners.TestRunner@4c309d4d]" started-at="2025-02-28T22:55:43 IST" name="setUpClass" finished-at="2025-02-28T22:55:45 IST" duration-ms="1520" status="PASS">
          <params>
            <param index="0">
              <value>
                <![CDATA[org.testng.TestRunner@601cbd8c]]>
              </value>
            </param>
          </params>
          <reporter-output>
          </reporter-output>
        </test-method> <!-- setUpClass -->
        <test-method signature="runScenario(io.cucumber.testng.PickleWrapper,io.cucumber.testng.FeatureWrapper)[pri:0, instance:com.auomation.runners.TestRunner@4c309d4d]" started-at="2025-02-28T22:55:45 IST" name="runScenario" description="Runs Cucumber Scenarios" data-provider="scenarios" finished-at="2025-02-28T22:56:03 IST" duration-ms="17894" status="PASS">
          <params>
            <param index="0">
              <value>
                <![CDATA["We are a taking screenshot from webpage"]]>
              </value>
            </param>
            <param index="1">
              <value>
                <![CDATA["Taking ScreenShot"]]>
              </value>
            </param>
          </params>
          <reporter-output>
          </reporter-output>
        </test-method> <!-- runScenario -->
        <test-method signature="runScenario(io.cucumber.testng.PickleWrapper,io.cucumber.testng.FeatureWrapper)[pri:0, instance:com.auomation.runners.TestRunner@4c309d4d]" started-at="2025-02-28T22:55:45 IST" name="runScenario" description="Runs Cucumber Scenarios" data-provider="scenarios" finished-at="2025-02-28T22:56:05 IST" duration-ms="19871" status="PASS">
          <params>
            <param index="0">
              <value>
                <![CDATA["We are extracting image URLs and validate the status"]]>
              </value>
            </param>
            <param index="1">
              <value>
                <![CDATA["Validating Image"]]>
              </value>
            </param>
          </params>
          <reporter-output>
          </reporter-output>
        </test-method> <!-- runScenario -->
        <test-method signature="runScenario(io.cucumber.testng.PickleWrapper,io.cucumber.testng.FeatureWrapper)[pri:0, instance:com.auomation.runners.TestRunner@4c309d4d]" started-at="2025-02-28T22:55:45 IST" name="runScenario" description="Runs Cucumber Scenarios" data-provider="scenarios" finished-at="2025-02-28T22:56:03 IST" duration-ms="17840" status="PASS">
          <params>
            <param index="0">
              <value>
                <![CDATA["Fetch data from Excel"]]>
              </value>
            </param>
            <param index="1">
              <value>
                <![CDATA["Read Excel Data"]]>
              </value>
            </param>
          </params>
          <reporter-output>
          </reporter-output>
        </test-method> <!-- runScenario -->
        <test-method signature="runScenario(io.cucumber.testng.PickleWrapper,io.cucumber.testng.FeatureWrapper)[pri:0, instance:com.auomation.runners.TestRunner@4c309d4d]" started-at="2025-02-28T22:55:45 IST" name="runScenario" description="Runs Cucumber Scenarios" data-provider="scenarios" finished-at="2025-02-28T22:56:14 IST" duration-ms="29355" status="PASS">
          <params>
            <param index="0">
              <value>
                <![CDATA["We are extracting Links and validate the status"]]>
              </value>
            </param>
            <param index="1">
              <value>
                <![CDATA["Validating Links"]]>
              </value>
            </param>
          </params>
          <reporter-output>
          </reporter-output>
        </test-method> <!-- runScenario -->
        <test-method is-config="true" signature="tearDownClass()[pri:0, instance:com.auomation.runners.TestRunner@4c309d4d]" started-at="2025-02-28T22:56:14 IST" name="tearDownClass" finished-at="2025-02-28T22:56:15 IST" duration-ms="139" status="PASS">
          <reporter-output>
          </reporter-output>
        </test-method> <!-- tearDownClass -->
      </class> <!-- com.auomation.runners.TestRunner -->
    </test> <!-- Default test -->
  </suite> <!-- Default suite -->
</testng-results>
